# JRE version: Java(TM) SE Runtime Environment (15.0.1+9) (build 15.0.1+9-18)
# Java VM: Java HotSpot(TM) 64-Bit Server VM (15.0.1+9-18, mixed mode, sharing, tiered, compressed oops, g1 gc, windows-amd64)
GC Precious Log:
 CPUs: 2 total, 2 available
 Memory: 7369M
 Large Page Support: Disabled
 NUMA Support: Disabled
 Compressed Oops: Enabled (32-bit)
 Heap Region Size: 1M
 Heap Min Capacity: 8M
 Heap Initial Capacity: 116M
 Heap Max Capacity: 2G
 Pre-touch: Disabled
 Parallel Workers: 2
 Concurrent Workers: 1
 Concurrent Refinement Workers: 2
 Periodic GC: Disabled
Heap:
 garbage-first heap   total 185344K, used 72704K [0x0000000080000000, 0x0000000100000000)
  region size 1024K, 4 young (4096K), 4 survivors (4096K)
 Metaspace       used 34403K, capacity 35000K, committed 35328K, reserved 1079296K
  class space    used 4562K, capacity 4745K, committed 4864K, reserved 1048576K
GC Heap History (20 events):
Event: 14.142 GC heap after
{Heap after GC invocations=13 (full 0):
 garbage-first heap   total 78848K, used 48219K [0x0000000080000000, 0x0000000100000000)
  region size 1024K, 3 young (3072K), 3 survivors (3072K)
 Metaspace       used 34380K, capacity 35000K, committed 35328K, reserved 1079296K
  class space    used 4554K, capacity 4745K, committed 4864K, reserved 1048576K
}
Event: 14.332 GC heap before
{Heap before GC invocations=14 (full 0):
 garbage-first heap   total 87040K, used 59483K [0x0000000080000000, 0x0000000100000000)
  region size 1024K, 14 young (14336K), 3 survivors (3072K)
 Metaspace       used 34380K, capacity 35000K, committed 35328K, reserved 1079296K
  class space    used 4554K, capacity 4745K, committed 4864K, reserved 1048576K
}
Event: 14.340 GC heap after
{Heap after GC invocations=15 (full 0):
 garbage-first heap   total 87040K, used 52827K [0x0000000080000000, 0x0000000100000000)
  region size 1024K, 2 young (2048K), 2 survivors (2048K)
 Metaspace       used 34380K, capacity 35000K, committed 35328K, reserved 1079296K
  class space    used 4554K, capacity 4745K, committed 4864K, reserved 1048576K
}
Event: 14.356 GC heap before
{Heap before GC invocations=15 (full 0):
 garbage-first heap   total 87040K, used 53851K [0x0000000080000000, 0x0000000100000000)
  region size 1024K, 4 young (4096K), 2 survivors (2048K)
 Metaspace       used 34380K, capacity 35000K, committed 35328K, reserved 1079296K
  class space    used 4554K, capacity 4745K, committed 4864K, reserved 1048576K
}
Event: 14.370 GC heap after
{Heap after GC invocations=16 (full 0):
 garbage-first heap   total 87040K, used 47972K [0x0000000080000000, 0x0000000100000000)
  region size 1024K, 1 young (1024K), 1 survivors (1024K)
 Metaspace       used 34380K, capacity 35000K, committed 35328K, reserved 1079296K
  class space    used 4554K, capacity 4745K, committed 4864K, reserved 1048576K
}
Event: 14.596 GC heap before
{Heap before GC invocations=16 (full 0):
 garbage-first heap   total 87040K, used 63332K [0x0000000080000000, 0x0000000100000000)
  region size 1024K, 16 young (16384K), 1 survivors (1024K)
 Metaspace       used 34381K, capacity 35000K, committed 35328K, reserved 1079296K
  class space    used 4555K, capacity 4745K, committed 4864K, reserved 1048576K
}
Event: 14.615 GC heap after
{Heap after GC invocations=17 (full 0):
 garbage-first heap   total 87040K, used 51977K [0x0000000080000000, 0x0000000100000000)
  region size 1024K, 2 young (2048K), 2 survivors (2048K)
 Metaspace       used 34381K, capacity 35000K, committed 35328K, reserved 1079296K
  class space    used 4555K, capacity 4745K, committed 4864K, reserved 1048576K
}
Event: 14.963 GC heap before
{Heap before GC invocations=18 (full 0):
 garbage-first heap   total 89088K, used 65289K [0x0000000080000000, 0x0000000100000000)
  region size 1024K, 15 young (15360K), 2 survivors (2048K)
 Metaspace       used 34398K, capacity 35000K, committed 35328K, reserved 1079296K
  class space    used 4562K, capacity 4745K, committed 4864K, reserved 1048576K
}
Event: 14.969 GC heap after
{Heap after GC invocations=19 (full 0):
 garbage-first heap   total 89088K, used 54843K [0x0000000080000000, 0x0000000100000000)
  region size 1024K, 2 young (2048K), 2 survivors (2048K)
 Metaspace       used 34398K, capacity 35000K, committed 35328K, reserved 1079296K
  class space    used 4562K, capacity 4745K, committed 4864K, reserved 1048576K
}
Event: 15.072 GC heap before
{Heap before GC invocations=19 (full 0):
 garbage-first heap   total 89088K, used 68155K [0x0000000080000000, 0x0000000100000000)
  region size 1024K, 15 young (15360K), 2 survivors (2048K)
 Metaspace       used 34398K, capacity 35000K, committed 35328K, reserved 1079296K
  class space    used 4562K, capacity 4745K, committed 4864K, reserved 1048576K
}
Event: 15.077 GC heap after
{Heap after GC invocations=20 (full 0):
 garbage-first heap   total 89088K, used 58368K [0x0000000080000000, 0x0000000100000000)
  region size 1024K, 2 young (2048K), 2 survivors (2048K)
 Metaspace       used 34398K, capacity 35000K, committed 35328K, reserved 1079296K
  class space    used 4562K, capacity 4745K, committed 4864K, reserved 1048576K
}
Event: 15.193 GC heap before
{Heap before GC invocations=20 (full 0):
 garbage-first heap   total 104448K, used 64512K [0x0000000080000000, 0x0000000100000000)
  region size 1024K, 13 young (13312K), 2 survivors (2048K)
 Metaspace       used 34398K, capacity 35000K, committed 35328K, reserved 1079296K
  class space    used 4562K, capacity 4745K, committed 4864K, reserved 1048576K
}
Event: 15.200 GC heap after
{Heap after GC invocations=21 (full 0):
 garbage-first heap   total 125952K, used 57660K [0x0000000080000000, 0x0000000100000000)
  region size 1024K, 2 young (2048K), 2 survivors (2048K)
 Metaspace       used 34398K, capacity 35000K, committed 35328K, reserved 1079296K
  class space    used 4562K, capacity 4745K, committed 4864K, reserved 1048576K
}
Event: 15.465 GC heap before
{Heap before GC invocations=22 (full 0):
 garbage-first heap   total 125952K, used 87356K [0x0000000080000000, 0x0000000100000000)
  region size 1024K, 31 young (31744K), 2 survivors (2048K)
 Metaspace       used 34398K, capacity 35000K, committed 35328K, reserved 1079296K
  class space    used 4562K, capacity 4745K, committed 4864K, reserved 1048576K
}
Event: 15.477 GC heap after
{Heap after GC invocations=23 (full 0):
 garbage-first heap   total 125952K, used 69386K [0x0000000080000000, 0x0000000100000000)
  region size 1024K, 4 young (4096K), 4 survivors (4096K)
 Metaspace       used 34398K, capacity 35000K, committed 35328K, reserved 1079296K
  class space    used 4562K, capacity 4745K, committed 4864K, reserved 1048576K
}
Event: 15.497 GC heap before
{Heap before GC invocations=23 (full 0):
 garbage-first heap   total 125952K, used 71434K [0x0000000080000000, 0x0000000100000000)
  region size 1024K, 6 young (6144K), 4 survivors (4096K)
 Metaspace       used 34398K, capacity 35000K, committed 35328K, reserved 1079296K
  class space    used 4562K, capacity 4745K, committed 4864K, reserved 1048576K
}
Event: 15.505 GC heap after
{Heap after GC invocations=24 (full 0):
 garbage-first heap   total 125952K, used 57856K [0x0000000080000000, 0x0000000100000000)
  region size 1024K, 1 young (1024K), 1 survivors (1024K)
 Metaspace       used 34398K, capacity 35000K, committed 35328K, reserved 1079296K
  class space    used 4562K, capacity 4745K, committed 4864K, reserved 1048576K
}
Event: 15.761 GC heap before
{Heap before GC invocations=24 (full 0):
 garbage-first heap   total 125952K, used 86528K [0x0000000080000000, 0x0000000100000000)
  region size 1024K, 29 young (29696K), 1 survivors (1024K)
 Metaspace       used 34403K, capacity 35000K, committed 35328K, reserved 1079296K
  class space    used 4562K, capacity 4745K, committed 4864K, reserved 1048576K
}
Event: 15.774 GC heap after
{Heap after GC invocations=25 (full 0):
 garbage-first heap   total 125952K, used 66560K [0x0000000080000000, 0x0000000100000000)
  region size 1024K, 4 young (4096K), 4 survivors (4096K)
 Metaspace       used 34403K, capacity 35000K, committed 35328K, reserved 1079296K
  class space    used 4562K, capacity 4745K, committed 4864K, reserved 1048576K
}
Event: 16.045 GC heap before
{Heap before GC invocations=26 (full 0):
 garbage-first heap   total 125952K, used 91136K [0x0000000080000000, 0x0000000100000000)
  region size 1024K, 28 young (28672K), 4 survivors (4096K)
 Metaspace       used 34403K, capacity 35000K, committed 35328K, reserved 1079296K
  class space    used 4562K, capacity 4745K, committed 4864K, reserved 1048576K
}

