# JRE version: Java(TM) SE Runtime Environment (15.0.1+9) (build 15.0.1+9-18)
# Java VM: Java HotSpot(TM) 64-Bit Server VM (15.0.1+9-18, mixed mode, sharing, tiered, compressed oops, g1 gc, windows-amd64)
GC Precious Log:
 CPUs: 2 total, 2 available
 Memory: 7369M
 Large Page Support: Disabled
 NUMA Support: Disabled
 Compressed Oops: Enabled (32-bit)
 Heap Region Size: 1M
 Heap Min Capacity: 8M
 Heap Initial Capacity: 116M
 Heap Max Capacity: 2G
 Pre-touch: Disabled
 Parallel Workers: 2
 Concurrent Workers: 1
 Concurrent Refinement Workers: 2
 Periodic GC: Disabled
Heap:
 garbage-first heap   total 168960K, used 113908K [0x0000000080000000, 0x0000000100000000)
  region size 1024K, 34 young (34816K), 6 survivors (6144K)
 Metaspace       used 37847K, capacity 38912K, committed 39168K, reserved 1083392K
  class space    used 4959K, capacity 5274K, committed 5376K, reserved 1048576K
GC Heap History (20 events):
Event: 20.792 GC heap before
{Heap before GC invocations=18 (full 0):
 garbage-first heap   total 128000K, used 77599K [0x0000000080000000, 0x0000000100000000)
  region size 1024K, 6 young (6144K), 3 survivors (3072K)
 Metaspace       used 36786K, capacity 37800K, committed 38016K, reserved 1081344K
  class space    used 4881K, capacity 5145K, committed 5248K, reserved 1048576K
}
Event: 20.805 GC heap after
{Heap after GC invocations=19 (full 0):
 garbage-first heap   total 128000K, used 66149K [0x0000000080000000, 0x0000000100000000)
  region size 1024K, 1 young (1024K), 1 survivors (1024K)
 Metaspace       used 36786K, capacity 37800K, committed 38016K, reserved 1081344K
  class space    used 4881K, capacity 5145K, committed 5248K, reserved 1048576K
}
Event: 21.033 GC heap before
{Heap before GC invocations=19 (full 0):
 garbage-first heap   total 128000K, used 92773K [0x0000000080000000, 0x0000000100000000)
  region size 1024K, 27 young (27648K), 1 survivors (1024K)
 Metaspace       used 36786K, capacity 37800K, committed 38016K, reserved 1081344K
  class space    used 4881K, capacity 5145K, committed 5248K, reserved 1048576K
}
Event: 21.046 GC heap after
{Heap after GC invocations=20 (full 0):
 garbage-first heap   total 128000K, used 75721K [0x0000000080000000, 0x0000000100000000)
  region size 1024K, 4 young (4096K), 4 survivors (4096K)
 Metaspace       used 36786K, capacity 37800K, committed 38016K, reserved 1081344K
  class space    used 4881K, capacity 5145K, committed 5248K, reserved 1048576K
}
Event: 21.290 GC heap before
{Heap before GC invocations=21 (full 0):
 garbage-first heap   total 140288K, used 96201K [0x0000000080000000, 0x0000000100000000)
  region size 1024K, 24 young (24576K), 4 survivors (4096K)
 Metaspace       used 36789K, capacity 37800K, committed 38016K, reserved 1081344K
  class space    used 4881K, capacity 5145K, committed 5248K, reserved 1048576K
}
Event: 21.299 GC heap after
{Heap after GC invocations=22 (full 0):
 garbage-first heap   total 168960K, used 82944K [0x0000000080000000, 0x0000000100000000)
  region size 1024K, 3 young (3072K), 3 survivors (3072K)
 Metaspace       used 36789K, capacity 37800K, committed 38016K, reserved 1081344K
  class space    used 4881K, capacity 5145K, committed 5248K, reserved 1048576K
}
Event: 21.350 GC heap before
{Heap before GC invocations=22 (full 0):
 garbage-first heap   total 168960K, used 87040K [0x0000000080000000, 0x0000000100000000)
  region size 1024K, 8 young (8192K), 3 survivors (3072K)
 Metaspace       used 36789K, capacity 37800K, committed 38016K, reserved 1081344K
  class space    used 4881K, capacity 5145K, committed 5248K, reserved 1048576K
}
Event: 21.375 GC heap after
{Heap after GC invocations=23 (full 0):
 garbage-first heap   total 168960K, used 72192K [0x0000000080000000, 0x0000000100000000)
  region size 1024K, 1 young (1024K), 1 survivors (1024K)
 Metaspace       used 36789K, capacity 37800K, committed 38016K, reserved 1081344K
  class space    used 4881K, capacity 5145K, committed 5248K, reserved 1048576K
}
Event: 38.046 GC heap before
{Heap before GC invocations=23 (full 0):
 garbage-first heap   total 168960K, used 118272K [0x0000000080000000, 0x0000000100000000)
  region size 1024K, 43 young (44032K), 1 survivors (1024K)
 Metaspace       used 37847K, capacity 38912K, committed 39168K, reserved 1083392K
  class space    used 4959K, capacity 5274K, committed 5376K, reserved 1048576K
}
Event: 38.056 GC heap after
{Heap after GC invocations=24 (full 0):
 garbage-first heap   total 168960K, used 74934K [0x0000000080000000, 0x0000000100000000)
  region size 1024K, 4 young (4096K), 4 survivors (4096K)
 Metaspace       used 37847K, capacity 38912K, committed 39168K, reserved 1083392K
  class space    used 4959K, capacity 5274K, committed 5376K, reserved 1048576K
}
Event: 38.543 GC heap before
{Heap before GC invocations=24 (full 0):
 garbage-first heap   total 168960K, used 119990K [0x0000000080000000, 0x0000000100000000)
  region size 1024K, 48 young (49152K), 4 survivors (4096K)
 Metaspace       used 37847K, capacity 38912K, committed 39168K, reserved 1083392K
  class space    used 4959K, capacity 5274K, committed 5376K, reserved 1048576K
}
Event: 38.562 GC heap after
{Heap after GC invocations=25 (full 0):
 garbage-first heap   total 168960K, used 91535K [0x0000000080000000, 0x0000000100000000)
  region size 1024K, 6 young (6144K), 6 survivors (6144K)
 Metaspace       used 37847K, capacity 38912K, committed 39168K, reserved 1083392K
  class space    used 4959K, capacity 5274K, committed 5376K, reserved 1048576K
}
Event: 38.819 GC heap before
{Heap before GC invocations=25 (full 0):
 garbage-first heap   total 168960K, used 124303K [0x0000000080000000, 0x0000000100000000)
  region size 1024K, 38 young (38912K), 6 survivors (6144K)
 Metaspace       used 37847K, capacity 38912K, committed 39168K, reserved 1083392K
  class space    used 4959K, capacity 5274K, committed 5376K, reserved 1048576K
}
Event: 38.833 GC heap after
{Heap after GC invocations=26 (full 0):
 garbage-first heap   total 168960K, used 97280K [0x0000000080000000, 0x0000000100000000)
  region size 1024K, 5 young (5120K), 5 survivors (5120K)
 Metaspace       used 37847K, capacity 38912K, committed 39168K, reserved 1083392K
  class space    used 4959K, capacity 5274K, committed 5376K, reserved 1048576K
}
Event: 39.138 GC heap before
{Heap before GC invocations=27 (full 0):
 garbage-first heap   total 168960K, used 112640K [0x0000000080000000, 0x0000000100000000)
  region size 1024K, 34 young (34816K), 5 survivors (5120K)
 Metaspace       used 37847K, capacity 38912K, committed 39168K, reserved 1083392K
  class space    used 4959K, capacity 5274K, committed 5376K, reserved 1048576K
}
Event: 39.146 GC heap after
{Heap after GC invocations=28 (full 0):
 garbage-first heap   total 168960K, used 88576K [0x0000000080000000, 0x0000000100000000)
  region size 1024K, 5 young (5120K), 5 survivors (5120K)
 Metaspace       used 37847K, capacity 38912K, committed 39168K, reserved 1083392K
  class space    used 4959K, capacity 5274K, committed 5376K, reserved 1048576K
}
Event: 39.172 GC heap before
{Heap before GC invocations=28 (full 0):
 garbage-first heap   total 168960K, used 90624K [0x0000000080000000, 0x0000000100000000)
  region size 1024K, 8 young (8192K), 5 survivors (5120K)
 Metaspace       used 37847K, capacity 38912K, committed 39168K, reserved 1083392K
  class space    used 4959K, capacity 5274K, committed 5376K, reserved 1048576K
}
Event: 39.177 GC heap after
{Heap after GC invocations=29 (full 0):
 garbage-first heap   total 168960K, used 68608K [0x0000000080000000, 0x0000000100000000)
  region size 1024K, 1 young (1024K), 1 survivors (1024K)
 Metaspace       used 37847K, capacity 38912K, committed 39168K, reserved 1083392K
  class space    used 4959K, capacity 5274K, committed 5376K, reserved 1048576K
}
Event: 39.525 GC heap before
{Heap before GC invocations=29 (full 0):
 garbage-first heap   total 168960K, used 115712K [0x0000000080000000, 0x0000000100000000)
  region size 1024K, 47 young (48128K), 1 survivors (1024K)
 Metaspace       used 37847K, capacity 38912K, committed 39168K, reserved 1083392K
  class space    used 4959K, capacity 5274K, committed 5376K, reserved 1048576K
}
Event: 39.540 GC heap after
{Heap after GC invocations=30 (full 0):
 garbage-first heap   total 168960K, used 86260K [0x0000000080000000, 0x0000000100000000)
  region size 1024K, 6 young (6144K), 6 survivors (6144K)
 Metaspace       used 37847K, capacity 38912K, committed 39168K, reserved 1083392K
  class space    used 4959K, capacity 5274K, committed 5376K, reserved 1048576K
}

