# JRE version: Java(TM) SE Runtime Environment (15.0.1+9) (build 15.0.1+9-18)
# Java VM: Java HotSpot(TM) 64-Bit Server VM (15.0.1+9-18, mixed mode, sharing, tiered, compressed oops, g1 gc, windows-amd64)
GC Precious Log:
 CPUs: 2 total, 2 available
 Memory: 7369M
 Large Page Support: Disabled
 NUMA Support: Disabled
 Compressed Oops: Enabled (32-bit)
 Heap Region Size: 1M
 Heap Min Capacity: 8M
 Heap Initial Capacity: 116M
 Heap Max Capacity: 2G
 Pre-touch: Disabled
 Parallel Workers: 2
 Concurrent Workers: 1
 Concurrent Refinement Workers: 2
 Periodic GC: Disabled
Heap:
 garbage-first heap   total 223232K, used 75776K [0x0000000080000000, 0x0000000100000000)
  region size 1024K, 4 young (4096K), 4 survivors (4096K)
 Metaspace       used 34387K, capacity 35000K, committed 35328K, reserved 1079296K
  class space    used 4559K, capacity 4745K, committed 4864K, reserved 1048576K
GC Heap History (20 events):
Event: 13.230 GC heap after
{Heap after GC invocations=15 (full 0):
 garbage-first heap   total 87040K, used 48887K [0x0000000080000000, 0x0000000100000000)
  region size 1024K, 2 young (2048K), 2 survivors (2048K)
 Metaspace       used 34367K, capacity 35000K, committed 35328K, reserved 1079296K
  class space    used 4551K, capacity 4745K, committed 4864K, reserved 1048576K
}
Event: 13.250 GC heap before
{Heap before GC invocations=15 (full 0):
 garbage-first heap   total 87040K, used 49911K [0x0000000080000000, 0x0000000100000000)
  region size 1024K, 4 young (4096K), 2 survivors (2048K)
 Metaspace       used 34367K, capacity 35000K, committed 35328K, reserved 1079296K
  class space    used 4551K, capacity 4745K, committed 4864K, reserved 1048576K
}
Event: 13.259 GC heap after
{Heap after GC invocations=16 (full 0):
 garbage-first heap   total 87040K, used 41595K [0x0000000080000000, 0x0000000100000000)
  region size 1024K, 1 young (1024K), 1 survivors (1024K)
 Metaspace       used 34367K, capacity 35000K, committed 35328K, reserved 1079296K
  class space    used 4551K, capacity 4745K, committed 4864K, reserved 1048576K
}
Event: 13.410 GC heap before
{Heap before GC invocations=16 (full 0):
 garbage-first heap   total 87040K, used 61051K [0x0000000080000000, 0x0000000100000000)
  region size 1024K, 20 young (20480K), 1 survivors (1024K)
 Metaspace       used 34368K, capacity 35000K, committed 35328K, reserved 1079296K
  class space    used 4552K, capacity 4745K, committed 4864K, reserved 1048576K
}
Event: 13.417 GC heap after
{Heap after GC invocations=17 (full 0):
 garbage-first heap   total 87040K, used 46839K [0x0000000080000000, 0x0000000100000000)
  region size 1024K, 3 young (3072K), 3 survivors (3072K)
 Metaspace       used 34368K, capacity 35000K, committed 35328K, reserved 1079296K
  class space    used 4552K, capacity 4745K, committed 4864K, reserved 1048576K
}
Event: 13.617 GC heap before
{Heap before GC invocations=18 (full 0):
 garbage-first heap   total 89088K, used 62199K [0x0000000080000000, 0x0000000100000000)
  region size 1024K, 19 young (19456K), 3 survivors (3072K)
 Metaspace       used 34368K, capacity 35000K, committed 35328K, reserved 1079296K
  class space    used 4552K, capacity 4745K, committed 4864K, reserved 1048576K
}
Event: 13.623 GC heap after
{Heap after GC invocations=19 (full 0):
 garbage-first heap   total 89088K, used 49765K [0x0000000080000000, 0x0000000100000000)
  region size 1024K, 3 young (3072K), 3 survivors (3072K)
 Metaspace       used 34368K, capacity 35000K, committed 35328K, reserved 1079296K
  class space    used 4552K, capacity 4745K, committed 4864K, reserved 1048576K
}
Event: 13.633 GC heap before
{Heap before GC invocations=19 (full 0):
 garbage-first heap   total 89088K, used 50789K [0x0000000080000000, 0x0000000100000000)
  region size 1024K, 4 young (4096K), 3 survivors (3072K)
 Metaspace       used 34368K, capacity 35000K, committed 35328K, reserved 1079296K
  class space    used 4552K, capacity 4745K, committed 4864K, reserved 1048576K
}
Event: 13.649 GC heap after
{Heap after GC invocations=20 (full 0):
 garbage-first heap   total 89088K, used 42099K [0x0000000080000000, 0x0000000100000000)
  region size 1024K, 1 young (1024K), 1 survivors (1024K)
 Metaspace       used 34368K, capacity 35000K, committed 35328K, reserved 1079296K
  class space    used 4552K, capacity 4745K, committed 4864K, reserved 1048576K
}
Event: 13.795 GC heap before
{Heap before GC invocations=20 (full 0):
 garbage-first heap   total 89088K, used 62579K [0x0000000080000000, 0x0000000100000000)
  region size 1024K, 21 young (21504K), 1 survivors (1024K)
 Metaspace       used 34368K, capacity 35000K, committed 35328K, reserved 1079296K
  class space    used 4552K, capacity 4745K, committed 4864K, reserved 1048576K
}
Event: 13.802 GC heap after
{Heap after GC invocations=21 (full 0):
 garbage-first heap   total 89088K, used 49467K [0x0000000080000000, 0x0000000100000000)
  region size 1024K, 3 young (3072K), 3 survivors (3072K)
 Metaspace       used 34368K, capacity 35000K, committed 35328K, reserved 1079296K
  class space    used 4552K, capacity 4745K, committed 4864K, reserved 1048576K
}
Event: 13.969 GC heap before
{Heap before GC invocations=22 (full 0):
 garbage-first heap   total 102400K, used 64827K [0x0000000080000000, 0x0000000100000000)
  region size 1024K, 18 young (18432K), 3 survivors (3072K)
 Metaspace       used 34368K, capacity 35000K, committed 35328K, reserved 1079296K
  class space    used 4552K, capacity 4745K, committed 4864K, reserved 1048576K
}
Event: 13.979 GC heap after
{Heap after GC invocations=23 (full 0):
 garbage-first heap   total 122880K, used 55727K [0x0000000080000000, 0x0000000100000000)
  region size 1024K, 3 young (3072K), 3 survivors (3072K)
 Metaspace       used 34368K, capacity 35000K, committed 35328K, reserved 1079296K
  class space    used 4552K, capacity 4745K, committed 4864K, reserved 1048576K
}
Event: 14.002 GC heap before
{Heap before GC invocations=23 (full 0):
 garbage-first heap   total 122880K, used 58799K [0x0000000080000000, 0x0000000100000000)
  region size 1024K, 6 young (6144K), 3 survivors (3072K)
 Metaspace       used 34368K, capacity 35000K, committed 35328K, reserved 1079296K
  class space    used 4552K, capacity 4745K, committed 4864K, reserved 1048576K
}
Event: 14.012 GC heap after
{Heap after GC invocations=24 (full 0):
 garbage-first heap   total 122880K, used 46592K [0x0000000080000000, 0x0000000100000000)
  region size 1024K, 1 young (1024K), 1 survivors (1024K)
 Metaspace       used 34368K, capacity 35000K, committed 35328K, reserved 1079296K
  class space    used 4552K, capacity 4745K, committed 4864K, reserved 1048576K
}
Event: 14.310 GC heap before
{Heap before GC invocations=24 (full 0):
 garbage-first heap   total 122880K, used 80384K [0x0000000080000000, 0x0000000100000000)
  region size 1024K, 34 young (34816K), 1 survivors (1024K)
 Metaspace       used 34368K, capacity 35000K, committed 35328K, reserved 1079296K
  class space    used 4552K, capacity 4745K, committed 4864K, reserved 1048576K
}
Event: 14.322 GC heap after
{Heap after GC invocations=25 (full 0):
 garbage-first heap   total 122880K, used 58318K [0x0000000080000000, 0x0000000100000000)
  region size 1024K, 5 young (5120K), 5 survivors (5120K)
 Metaspace       used 34368K, capacity 35000K, committed 35328K, reserved 1079296K
  class space    used 4552K, capacity 4745K, committed 4864K, reserved 1048576K
}
Event: 14.520 GC heap before
{Heap before GC invocations=25 (full 0):
 garbage-first heap   total 122880K, used 85966K [0x0000000080000000, 0x0000000100000000)
  region size 1024K, 32 young (32768K), 5 survivors (5120K)
 Metaspace       used 34387K, capacity 35000K, committed 35328K, reserved 1079296K
  class space    used 4559K, capacity 4745K, committed 4864K, reserved 1048576K
}
Event: 14.532 GC heap after
{Heap after GC invocations=26 (full 0):
 garbage-first heap   total 122880K, used 66560K [0x0000000080000000, 0x0000000100000000)
  region size 1024K, 4 young (4096K), 4 survivors (4096K)
 Metaspace       used 34387K, capacity 35000K, committed 35328K, reserved 1079296K
  class space    used 4559K, capacity 4745K, committed 4864K, reserved 1048576K
}
Event: 14.693 GC heap before
{Heap before GC invocations=26 (full 0):
 garbage-first heap   total 122880K, used 89088K [0x0000000080000000, 0x0000000100000000)
  region size 1024K, 26 young (26624K), 4 survivors (4096K)
 Metaspace       used 34387K, capacity 35000K, committed 35328K, reserved 1079296K
  class space    used 4559K, capacity 4745K, committed 4864K, reserved 1048576K
}

