# JRE version: Java(TM) SE Runtime Environment (15.0.1+9) (build 15.0.1+9-18)
# Java VM: Java HotSpot(TM) 64-Bit Server VM (15.0.1+9-18, mixed mode, sharing, tiered, compressed oops, g1 gc, windows-amd64)
GC Precious Log:
 CPUs: 2 total, 2 available
 Memory: 7369M
 Large Page Support: Disabled
 NUMA Support: Disabled
 Compressed Oops: Enabled (32-bit)
 Heap Region Size: 1M
 Heap Min Capacity: 8M
 Heap Initial Capacity: 116M
 Heap Max Capacity: 2G
 Pre-touch: Disabled
 Parallel Workers: 2
 Concurrent Workers: 1
 Concurrent Refinement Workers: 2
 Periodic GC: Disabled
Heap:
 garbage-first heap   total 177152K, used 72192K [0x0000000080000000, 0x0000000100000000)
  region size 1024K, 1 young (1024K), 1 survivors (1024K)
 Metaspace       used 50781K, capacity 51846K, committed 52224K, reserved 1095680K
  class space    used 6259K, capacity 6544K, committed 6656K, reserved 1048576K
GC Heap History (20 events):
Event: 62.871 GC heap after
{Heap after GC invocations=24 (full 0):
 garbage-first heap   total 119808K, used 66655K [0x0000000080000000, 0x0000000100000000)
  region size 1024K, 3 young (3072K), 3 survivors (3072K)
 Metaspace       used 50724K, capacity 51782K, committed 51968K, reserved 1095680K
  class space    used 6256K, capacity 6544K, committed 6656K, reserved 1048576K
}
Event: 63.297 GC heap before
{Heap before GC invocations=24 (full 0):
 garbage-first heap   total 119808K, used 94303K [0x0000000080000000, 0x0000000100000000)
  region size 1024K, 31 young (31744K), 3 survivors (3072K)
 Metaspace       used 50724K, capacity 51782K, committed 51968K, reserved 1095680K
  class space    used 6256K, capacity 6544K, committed 6656K, reserved 1048576K
}
Event: 63.308 GC heap after
{Heap after GC invocations=25 (full 0):
 garbage-first heap   total 119808K, used 73475K [0x0000000080000000, 0x0000000100000000)
  region size 1024K, 4 young (4096K), 4 survivors (4096K)
 Metaspace       used 50724K, capacity 51782K, committed 51968K, reserved 1095680K
  class space    used 6256K, capacity 6544K, committed 6656K, reserved 1048576K
}
Event: 63.658 GC heap before
{Heap before GC invocations=26 (full 0):
 garbage-first heap   total 132096K, used 90883K [0x0000000080000000, 0x0000000100000000)
  region size 1024K, 23 young (23552K), 4 survivors (4096K)
 Metaspace       used 50724K, capacity 51782K, committed 51968K, reserved 1095680K
  class space    used 6256K, capacity 6544K, committed 6656K, reserved 1048576K
}
Event: 63.671 GC heap after
{Heap after GC invocations=27 (full 0):
 garbage-first heap   total 132096K, used 77102K [0x0000000080000000, 0x0000000100000000)
  region size 1024K, 3 young (3072K), 3 survivors (3072K)
 Metaspace       used 50724K, capacity 51782K, committed 51968K, reserved 1095680K
  class space    used 6256K, capacity 6544K, committed 6656K, reserved 1048576K
}
Event: 63.796 GC heap before
{Heap before GC invocations=27 (full 0):
 garbage-first heap   total 132096K, used 79150K [0x0000000080000000, 0x0000000100000000)
  region size 1024K, 6 young (6144K), 3 survivors (3072K)
 Metaspace       used 50759K, capacity 51846K, committed 52224K, reserved 1095680K
  class space    used 6259K, capacity 6544K, committed 6656K, reserved 1048576K
}
Event: 63.814 GC heap after
{Heap after GC invocations=28 (full 0):
 garbage-first heap   total 132096K, used 69032K [0x0000000080000000, 0x0000000100000000)
  region size 1024K, 1 young (1024K), 1 survivors (1024K)
 Metaspace       used 50759K, capacity 51846K, committed 52224K, reserved 1095680K
  class space    used 6259K, capacity 6544K, committed 6656K, reserved 1048576K
}
Event: 64.626 GC heap before
{Heap before GC invocations=28 (full 0):
 garbage-first heap   total 132096K, used 98728K [0x0000000080000000, 0x0000000100000000)
  region size 1024K, 30 young (30720K), 1 survivors (1024K)
 Metaspace       used 50775K, capacity 51846K, committed 52224K, reserved 1095680K
  class space    used 6259K, capacity 6544K, committed 6656K, reserved 1048576K
}
Event: 64.630 GC heap after
{Heap after GC invocations=29 (full 0):
 garbage-first heap   total 132096K, used 69004K [0x0000000080000000, 0x0000000100000000)
  region size 1024K, 1 young (1024K), 1 survivors (1024K)
 Metaspace       used 50775K, capacity 51846K, committed 52224K, reserved 1095680K
  class space    used 6259K, capacity 6544K, committed 6656K, reserved 1048576K
}
Event: 65.075 GC heap before
{Heap before GC invocations=30 (full 0):
 garbage-first heap   total 132096K, used 96652K [0x0000000080000000, 0x0000000100000000)
  region size 1024K, 33 young (33792K), 1 survivors (1024K)
 Metaspace       used 50779K, capacity 51846K, committed 52224K, reserved 1095680K
  class space    used 6259K, capacity 6544K, committed 6656K, reserved 1048576K
}
Event: 65.079 GC heap after
{Heap after GC invocations=31 (full 0):
 garbage-first heap   total 132096K, used 65950K [0x0000000080000000, 0x0000000100000000)
  region size 1024K, 3 young (3072K), 3 survivors (3072K)
 Metaspace       used 50779K, capacity 51846K, committed 52224K, reserved 1095680K
  class space    used 6259K, capacity 6544K, committed 6656K, reserved 1048576K
}
Event: 65.106 GC heap before
{Heap before GC invocations=31 (full 0):
 garbage-first heap   total 132096K, used 69022K [0x0000000080000000, 0x0000000100000000)
  region size 1024K, 6 young (6144K), 3 survivors (3072K)
 Metaspace       used 50779K, capacity 51846K, committed 52224K, reserved 1095680K
  class space    used 6259K, capacity 6544K, committed 6656K, reserved 1048576K
}
Event: 65.133 GC heap after
{Heap after GC invocations=32 (full 0):
 garbage-first heap   total 132096K, used 57205K [0x0000000080000000, 0x0000000100000000)
  region size 1024K, 1 young (1024K), 1 survivors (1024K)
 Metaspace       used 50779K, capacity 51846K, committed 52224K, reserved 1095680K
  class space    used 6259K, capacity 6544K, committed 6656K, reserved 1048576K
}
Event: 65.581 GC heap before
{Heap before GC invocations=32 (full 0):
 garbage-first heap   total 132096K, used 100213K [0x0000000080000000, 0x0000000100000000)
  region size 1024K, 43 young (44032K), 1 survivors (1024K)
 Metaspace       used 50779K, capacity 51846K, committed 52224K, reserved 1095680K
  class space    used 6259K, capacity 6544K, committed 6656K, reserved 1048576K
}
Event: 65.596 GC heap after
{Heap after GC invocations=33 (full 0):
 garbage-first heap   total 132096K, used 73068K [0x0000000080000000, 0x0000000100000000)
  region size 1024K, 6 young (6144K), 6 survivors (6144K)
 Metaspace       used 50779K, capacity 51846K, committed 52224K, reserved 1095680K
  class space    used 6259K, capacity 6544K, committed 6656K, reserved 1048576K
}
Event: 65.835 GC heap before
{Heap before GC invocations=33 (full 0):
 garbage-first heap   total 132096K, used 99692K [0x0000000080000000, 0x0000000100000000)
  region size 1024K, 32 young (32768K), 6 survivors (6144K)
 Metaspace       used 50780K, capacity 51846K, committed 52224K, reserved 1095680K
  class space    used 6259K, capacity 6544K, committed 6656K, reserved 1048576K
}
Event: 65.847 GC heap after
{Heap after GC invocations=34 (full 0):
 garbage-first heap   total 132096K, used 78336K [0x0000000080000000, 0x0000000100000000)
  region size 1024K, 4 young (4096K), 4 survivors (4096K)
 Metaspace       used 50780K, capacity 51846K, committed 52224K, reserved 1095680K
  class space    used 6259K, capacity 6544K, committed 6656K, reserved 1048576K
}
Event: 66.178 GC heap before
{Heap before GC invocations=35 (full 0):
 garbage-first heap   total 147456K, used 99840K [0x0000000080000000, 0x0000000100000000)
  region size 1024K, 26 young (26624K), 4 survivors (4096K)
 Metaspace       used 50781K, capacity 51846K, committed 52224K, reserved 1095680K
  class space    used 6259K, capacity 6544K, committed 6656K, reserved 1048576K
}
Event: 66.191 GC heap after
{Heap after GC invocations=36 (full 0):
 garbage-first heap   total 147456K, used 86016K [0x0000000080000000, 0x0000000100000000)
  region size 1024K, 4 young (4096K), 4 survivors (4096K)
 Metaspace       used 50781K, capacity 51846K, committed 52224K, reserved 1095680K
  class space    used 6259K, capacity 6544K, committed 6656K, reserved 1048576K
}
Event: 66.223 GC heap before
{Heap before GC invocations=36 (full 0):
 garbage-first heap   total 147456K, used 88064K [0x0000000080000000, 0x0000000100000000)
  region size 1024K, 7 young (7168K), 4 survivors (4096K)
 Metaspace       used 50781K, capacity 51846K, committed 52224K, reserved 1095680K
  class space    used 6259K, capacity 6544K, committed 6656K, reserved 1048576K
}

